
> aztec-bridge@0.1.0 build /Users/muzzamil/Developer/holonym-foundation/aztec/aztec-ui/frontend
> prisma generate && next build --webpack

Loaded Prisma config from prisma.config.ts.

Prisma config detected, skipping environment variable loading.
Prisma schema loaded from prisma/schema.prisma

✔ Generated Prisma Client (v6.19.2) to ./../node_modules/.pnpm/@prisma+client@6.19.2_prisma@6.19.2_typescript@5.9.3__typescript@5.9.3/node_modules/@prisma/client in 41ms

Start by importing your Prisma Client (See: https://pris.ly/d/importing-client)

Tip: Interested in query caching in just a few lines of code? Try Accelerate today! https://pris.ly/tip-3-accelerate

⚠ Warning: Next.js inferred your workspace root, but it may not be correct.
 We detected multiple lockfiles and selected the directory of /Users/muzzamil/Developer/holonym-foundation/aztec/aztec-ui/pnpm-lock.yaml as the root directory.
 To silence this warning, set `outputFileTracingRoot` in your Next.js config, or consider removing one of the lockfiles if it's not needed.
   See https://nextjs.org/docs/app/api-reference/config/next-config-js/output#caveats for more information.
 Detected additional lockfiles: 
   * /Users/muzzamil/Developer/holonym-foundation/aztec/aztec-ui/frontend/pnpm-lock.yaml

▲ Next.js 16.1.6 (webpack)
- Environments: .env.local, .env

  Creating an optimized production build ...
✓ Compiled successfully in 12.7s
  Running TypeScript ...
  Collecting page data using 11 workers ...
  Generating static pages using 11 workers (0/13) ...
  Generating static pages using 11 workers (3/13) 
  Generating static pages using 11 workers (6/13) 
  Generating static pages using 11 workers (9/13) 
✓ Generating static pages using 11 workers (13/13) in 756.5ms
  Finalizing page optimization ...
  Collecting build traces ...

Route (app)
┌ ○ /
├ ○ /_not-found
├ ○ /activity
├ ƒ /api/alchemy/nfts
├ ƒ /api/alchemy/tokens-balances
├ ƒ /api/auth/authenticate
├ ƒ /api/auth/nonce
├ ƒ /api/bridge/operations
├ ƒ /api/bridge/operations/[id]
├ ƒ /api/faucet
├ ƒ /api/mint-tokens
├ ○ /complete
└ ○ /progress


○  (Static)   prerendered as static content
ƒ  (Dynamic)  server-rendered on demand

